[2024-02-05T21:13:20.955-0500] {manager.py:469} INFO - Processing files using up to 2 processes at a time 
[2024-02-05T21:13:20.955-0500] {manager.py:470} INFO - Process each file at most once every 30 seconds
[2024-02-05T21:13:20.955-0500] {manager.py:471} INFO - Checking for new files in /Users/ayushi/PycharmProjects/etl/airflow/dags every 300 seconds
[2024-02-05T21:13:20.955-0500] {manager.py:738} INFO - Searching for files in /Users/ayushi/PycharmProjects/etl/airflow/dags
[2024-02-05T21:13:20.956-0500] {manager.py:741} INFO - There are 1 files in /Users/ayushi/PycharmProjects/etl/airflow/dags
[2024-02-05T21:13:21.034-0500] {manager.py:879} INFO - 
================================================================================
DAG File Processing Stats

File Path                                                 PID  Runtime      # DAGs    # Errors  Last Runtime    Last Run
------------------------------------------------------  -----  ---------  --------  ----------  --------------  ----------
/Users/ayushi/PycharmProjects/etl/airflow/dags/dags.py  12682  0.01s             0           0
================================================================================
[2024-02-05T21:18:29.053-0500] {manager.py:469} INFO - Processing files using up to 2 processes at a time 
[2024-02-05T21:18:29.053-0500] {manager.py:470} INFO - Process each file at most once every 30 seconds
[2024-02-05T21:18:29.053-0500] {manager.py:471} INFO - Checking for new files in /Users/ayushi/PycharmProjects/etl/airflow/dags every 300 seconds
[2024-02-05T21:18:29.053-0500] {manager.py:738} INFO - Searching for files in /Users/ayushi/PycharmProjects/etl/airflow/dags
[2024-02-05T21:18:29.054-0500] {manager.py:741} INFO - There are 1 files in /Users/ayushi/PycharmProjects/etl/airflow/dags
[2024-02-05T21:18:29.153-0500] {manager.py:879} INFO - 
================================================================================
DAG File Processing Stats

File Path                                                 PID  Runtime      # DAGs    # Errors  Last Runtime    Last Run
------------------------------------------------------  -----  ---------  --------  ----------  --------------  ----------
/Users/ayushi/PycharmProjects/etl/airflow/dags/dags.py  12951  0.01s             0           0
================================================================================
[2024-02-05T21:18:59.319-0500] {manager.py:879} INFO - 
================================================================================
DAG File Processing Stats

File Path                                               PID    Runtime      # DAGs    # Errors  Last Runtime    Last Run
------------------------------------------------------  -----  ---------  --------  ----------  --------------  -------------------
/Users/ayushi/PycharmProjects/etl/airflow/dags/dags.py                           0           1  3.49s           2024-02-06T02:18:32
================================================================================
[2024-02-05T21:19:29.492-0500] {manager.py:879} INFO - 
================================================================================
DAG File Processing Stats

File Path                                               PID    Runtime      # DAGs    # Errors  Last Runtime    Last Run
------------------------------------------------------  -----  ---------  --------  ----------  --------------  -------------------
/Users/ayushi/PycharmProjects/etl/airflow/dags/dags.py                           0           1  3.78s           2024-02-06T02:19:06
================================================================================
[2024-02-05T21:33:57.622-0500] {manager.py:469} INFO - Processing files using up to 2 processes at a time 
[2024-02-05T21:33:57.622-0500] {manager.py:470} INFO - Process each file at most once every 30 seconds
[2024-02-05T21:33:57.622-0500] {manager.py:471} INFO - Checking for new files in /Users/ayushi/PycharmProjects/etl/airflow/dags every 300 seconds
[2024-02-05T21:33:57.622-0500] {manager.py:738} INFO - Searching for files in /Users/ayushi/PycharmProjects/etl/airflow/dags
[2024-02-05T21:33:57.623-0500] {manager.py:741} INFO - There are 1 files in /Users/ayushi/PycharmProjects/etl/airflow/dags
[2024-02-05T21:33:57.702-0500] {manager.py:879} INFO - 
================================================================================
DAG File Processing Stats

File Path                                                 PID  Runtime      # DAGs    # Errors  Last Runtime    Last Run
------------------------------------------------------  -----  ---------  --------  ----------  --------------  ----------
/Users/ayushi/PycharmProjects/etl/airflow/dags/dags.py  13510  0.01s             0           0
================================================================================
[2024-02-05T21:34:27.865-0500] {manager.py:879} INFO - 
================================================================================
DAG File Processing Stats

File Path                                               PID    Runtime      # DAGs    # Errors  Last Runtime    Last Run
------------------------------------------------------  -----  ---------  --------  ----------  --------------  -------------------
/Users/ayushi/PycharmProjects/etl/airflow/dags/dags.py                           0           1  3.57s           2024-02-06T02:34:01
================================================================================
[2024-02-05T21:34:58.059-0500] {manager.py:879} INFO - 
================================================================================
DAG File Processing Stats

File Path                                               PID    Runtime      # DAGs    # Errors  Last Runtime    Last Run
------------------------------------------------------  -----  ---------  --------  ----------  --------------  -------------------
/Users/ayushi/PycharmProjects/etl/airflow/dags/dags.py                           0           1  3.82s           2024-02-06T02:34:35
================================================================================
[2024-02-05T21:35:28.584-0500] {manager.py:879} INFO - 
================================================================================
DAG File Processing Stats

File Path                                               PID    Runtime      # DAGs    # Errors  Last Runtime    Last Run
------------------------------------------------------  -----  ---------  --------  ----------  --------------  -------------------
/Users/ayushi/PycharmProjects/etl/airflow/dags/dags.py                           0           1  3.30s           2024-02-06T02:35:08
================================================================================
[2024-02-05T21:35:58.772-0500] {manager.py:879} INFO - 
================================================================================
DAG File Processing Stats

File Path                                               PID    Runtime      # DAGs    # Errors  Last Runtime    Last Run
------------------------------------------------------  -----  ---------  --------  ----------  --------------  -------------------
/Users/ayushi/PycharmProjects/etl/airflow/dags/dags.py                           0           1  3.78s           2024-02-06T02:35:42
================================================================================
[2024-02-05T21:36:28.882-0500] {manager.py:879} INFO - 
================================================================================
DAG File Processing Stats

File Path                                               PID    Runtime      # DAGs    # Errors  Last Runtime    Last Run
------------------------------------------------------  -----  ---------  --------  ----------  --------------  -------------------
/Users/ayushi/PycharmProjects/etl/airflow/dags/dags.py                           0           1  3.92s           2024-02-06T02:36:16
================================================================================
[2024-02-05T21:36:59.036-0500] {manager.py:879} INFO - 
================================================================================
DAG File Processing Stats

File Path                                               PID    Runtime      # DAGs    # Errors  Last Runtime    Last Run
------------------------------------------------------  -----  ---------  --------  ----------  --------------  -------------------
/Users/ayushi/PycharmProjects/etl/airflow/dags/dags.py                           0           1  3.97s           2024-02-06T02:36:50
================================================================================
[2024-02-05T21:37:29.257-0500] {manager.py:879} INFO - 
================================================================================
DAG File Processing Stats

File Path                                               PID    Runtime      # DAGs    # Errors  Last Runtime    Last Run
------------------------------------------------------  -----  ---------  --------  ----------  --------------  -------------------
/Users/ayushi/PycharmProjects/etl/airflow/dags/dags.py                           1           0  5.35s           2024-02-06T02:37:26
================================================================================
[2024-02-05T21:37:59.441-0500] {manager.py:879} INFO - 
================================================================================
DAG File Processing Stats

File Path                                                 PID  Runtime      # DAGs    # Errors  Last Runtime    Last Run
------------------------------------------------------  -----  ---------  --------  ----------  --------------  -------------------
/Users/ayushi/PycharmProjects/etl/airflow/dags/dags.py  13764  2.75s             1           0  5.35s           2024-02-06T02:37:26
================================================================================
[2024-02-05T21:38:29.883-0500] {manager.py:879} INFO - 
================================================================================
DAG File Processing Stats

File Path                                               PID    Runtime      # DAGs    # Errors  Last Runtime    Last Run
------------------------------------------------------  -----  ---------  --------  ----------  --------------  -------------------
/Users/ayushi/PycharmProjects/etl/airflow/dags/dags.py                           1           0  5.18s           2024-02-06T02:38:01
================================================================================
[2024-02-05T21:38:58.202-0500] {manager.py:738} INFO - Searching for files in /Users/ayushi/PycharmProjects/etl/airflow/dags
[2024-02-05T21:38:58.208-0500] {manager.py:741} INFO - There are 1 files in /Users/ayushi/PycharmProjects/etl/airflow/dags
[2024-02-05T21:39:00.241-0500] {manager.py:879} INFO - 
================================================================================
DAG File Processing Stats

File Path                                               PID    Runtime      # DAGs    # Errors  Last Runtime    Last Run
------------------------------------------------------  -----  ---------  --------  ----------  --------------  -------------------
/Users/ayushi/PycharmProjects/etl/airflow/dags/dags.py                           1           0  5.32s           2024-02-06T02:38:37
================================================================================
[2024-02-05T21:39:30.535-0500] {manager.py:879} INFO - 
================================================================================
DAG File Processing Stats

File Path                                               PID    Runtime      # DAGs    # Errors  Last Runtime    Last Run
------------------------------------------------------  -----  ---------  --------  ----------  --------------  -------------------
/Users/ayushi/PycharmProjects/etl/airflow/dags/dags.py                           1           0  4.57s           2024-02-06T02:39:11
================================================================================
[2024-02-05T21:40:01.153-0500] {manager.py:879} INFO - 
================================================================================
DAG File Processing Stats

File Path                                               PID    Runtime      # DAGs    # Errors  Last Runtime    Last Run
------------------------------------------------------  -----  ---------  --------  ----------  --------------  -------------------
/Users/ayushi/PycharmProjects/etl/airflow/dags/dags.py                           1           0  4.34s           2024-02-06T02:39:46
================================================================================
[2024-02-05T21:40:31.658-0500] {manager.py:879} INFO - 
================================================================================
DAG File Processing Stats

File Path                                               PID    Runtime      # DAGs    # Errors  Last Runtime    Last Run
------------------------------------------------------  -----  ---------  --------  ----------  --------------  -------------------
/Users/ayushi/PycharmProjects/etl/airflow/dags/dags.py                           1           0  5.13s           2024-02-06T02:40:21
================================================================================
[2024-02-05T21:41:01.927-0500] {manager.py:879} INFO - 
================================================================================
DAG File Processing Stats

File Path                                               PID    Runtime      # DAGs    # Errors  Last Runtime    Last Run
------------------------------------------------------  -----  ---------  --------  ----------  --------------  -------------------
/Users/ayushi/PycharmProjects/etl/airflow/dags/dags.py                           1           0  6.31s           2024-02-06T02:40:58
================================================================================
[2024-02-05T21:41:32.133-0500] {manager.py:879} INFO - 
================================================================================
DAG File Processing Stats

File Path                                                 PID  Runtime      # DAGs    # Errors  Last Runtime    Last Run
------------------------------------------------------  -----  ---------  --------  ----------  --------------  -------------------
/Users/ayushi/PycharmProjects/etl/airflow/dags/dags.py  14136  3.84s             1           0  6.31s           2024-02-06T02:40:58
================================================================================
[2024-02-05T21:42:02.506-0500] {manager.py:879} INFO - 
================================================================================
DAG File Processing Stats

File Path                                               PID    Runtime      # DAGs    # Errors  Last Runtime    Last Run
------------------------------------------------------  -----  ---------  --------  ----------  --------------  -------------------
/Users/ayushi/PycharmProjects/etl/airflow/dags/dags.py                           1           0  5.14s           2024-02-06T02:41:33
================================================================================
[2024-02-05T21:42:32.778-0500] {manager.py:879} INFO - 
================================================================================
DAG File Processing Stats

File Path                                               PID    Runtime      # DAGs    # Errors  Last Runtime    Last Run
------------------------------------------------------  -----  ---------  --------  ----------  --------------  -------------------
/Users/ayushi/PycharmProjects/etl/airflow/dags/dags.py                           1           0  4.34s           2024-02-06T02:42:07
================================================================================
[2024-02-05T21:43:03.198-0500] {manager.py:879} INFO - 
================================================================================
DAG File Processing Stats

File Path                                               PID    Runtime      # DAGs    # Errors  Last Runtime    Last Run
------------------------------------------------------  -----  ---------  --------  ----------  --------------  -------------------
/Users/ayushi/PycharmProjects/etl/airflow/dags/dags.py                           1           0  4.36s           2024-02-06T02:42:42
================================================================================
